<?xml version="1.0" encoding="UTF-8"?>
<!-- Generated by org.testng.reporters.JUnitXMLReporter -->
<testsuite hostname="OlivaGallo-PC" ignored="0" name="Mobile Tests" tests="5" failures="0" timestamp="2020-04-09T14:22:45 EDT" time="131.339" errors="0">
  <testcase name="login" time="20.121" classname="com.edureka.masterProject.SearchUsingImage"/>
  <testcase name="copyImage" time="5.436" classname="com.edureka.masterProject.SearchUsingImage"/>
  <testcase name="uploadJpgAndSearch" time="13.555" classname="com.edureka.masterProject.SearchUsingImage"/>
  <testcase name="verifySearchResult" time="13.511" classname="com.edureka.masterProject.SearchUsingImage"/>
  <testcase name="logout" time="16.302" classname="com.edureka.masterProject.SearchUsingImage"/>
</testsuite> <!-- Mobile Tests -->
